  Building Custom Rule C:/Users/Riley/Documents/Visual Studio 2015/Projects/MercutioCore/libraries/sfml/SFML-2.5.1-sources/SFML-2.5.1/src/SFML/Audio/CMakeLists.txt
  CMake does not need to re-run because C:/Users/Riley/Documents/Visual Studio 2015/Projects/MercutioCore/libraries/sfml/bin/src/SFML/Audio/CMakeFiles/generate.stamp is up-to-date.
  ALCheck.cpp
  AlResource.cpp
  AudioDevice.cpp
  Listener.cpp
  Music.cpp
  Sound.cpp
  SoundBuffer.cpp
  SoundBufferRecorder.cpp
  InputSoundFile.cpp
  OutputSoundFile.cpp
  SoundRecorder.cpp
  SoundSource.cpp
  SoundStream.cpp
  SoundFileFactory.cpp
  SoundFileReaderFlac.cpp
  SoundFileReaderOgg.cpp
  SoundFileReaderWav.cpp
  SoundFileWriterFlac.cpp
  SoundFileWriterOgg.cpp
  SoundFileWriterWav.cpp
  Generating Code...
     Creating library C:/Users/Riley/Documents/Visual Studio 2015/Projects/MercutioCore/libraries/sfml/bin/lib/Debug/sfml-audio-d.lib and object C:/Users/Riley/Documents/Visual Studio 2015/Projects/MercutioCore/libraries/sfml/bin/lib/Debug/sfml-audio-d.exp
  sfml-audio.vcxproj -> C:\Users\Riley\Documents\Visual Studio 2015\Projects\MercutioCore\libraries\sfml\bin\lib\Debug\sfml-audio-d-2.dll
  sfml-audio.vcxproj -> C:/Users/Riley/Documents/Visual Studio 2015/Projects/MercutioCore/libraries/sfml/bin/lib/Debug/sfml-audio.pdb (Full PDB)
