  Building Custom Rule C:/Users/Riley/Documents/Visual Studio 2015/Projects/MercutioCore/libraries/sfml/SFML-2.5.1-sources/SFML-2.5.1/src/SFML/Graphics/CMakeLists.txt
  CMake does not need to re-run because C:/Users/Riley/Documents/Visual Studio 2015/Projects/MercutioCore/libraries/sfml/bin/src/SFML/Graphics/CMakeFiles/generate.stamp is up-to-date.
  BlendMode.cpp
  Color.cpp
  Font.cpp
  Glsl.cpp
  GLCheck.cpp
  GLExtensions.cpp
  Image.cpp
  ImageLoader.cpp
  RenderStates.cpp
  RenderTexture.cpp
  RenderTarget.cpp
  RenderWindow.cpp
  Shader.cpp
  Texture.cpp
C:\Users\Riley\Documents\Visual Studio 2015\Projects\MercutioCore\libraries\sfml\SFML-2.5.1-sources\SFML-2.5.1\src\SFML\Graphics\Texture.cpp(185): warning C4800: 'int': forcing value to bool 'true' or 'false' (performance warning)
  TextureSaver.cpp
  Transform.cpp
  Transformable.cpp
  View.cpp
  Vertex.cpp
  GLLoader.cpp
  Generating Code...
  Compiling...
  Shape.cpp
  CircleShape.cpp
  RectangleShape.cpp
  ConvexShape.cpp
  Sprite.cpp
  Text.cpp
C:\Users\Riley\Documents\Visual Studio 2015\Projects\MercutioCore\libraries\sfml\SFML-2.5.1-sources\SFML-2.5.1\src\SFML\Graphics\Text.cpp(419): warning C4800: 'sf::Uint32': forcing value to bool 'true' or 'false' (performance warning)
C:\Users\Riley\Documents\Visual Studio 2015\Projects\MercutioCore\libraries\sfml\SFML-2.5.1-sources\SFML-2.5.1\src\SFML\Graphics\Text.cpp(420): warning C4800: 'sf::Uint32': forcing value to bool 'true' or 'false' (performance warning)
  VertexArray.cpp
  VertexBuffer.cpp
C:\Users\Riley\Documents\Visual Studio 2015\Projects\MercutioCore\libraries\sfml\SFML-2.5.1-sources\SFML-2.5.1\src\SFML\Graphics\VertexBuffer.cpp(349): warning C4800: 'int': forcing value to bool 'true' or 'false' (performance warning)
  RenderTextureImpl.cpp
  RenderTextureImplFBO.cpp
  RenderTextureImplDefault.cpp
  Generating Code...
     Creating library C:/Users/Riley/Documents/Visual Studio 2015/Projects/MercutioCore/libraries/sfml/bin/lib/Debug/sfml-graphics-d.lib and object C:/Users/Riley/Documents/Visual Studio 2015/Projects/MercutioCore/libraries/sfml/bin/lib/Debug/sfml-graphics-d.exp
  sfml-graphics.vcxproj -> C:\Users\Riley\Documents\Visual Studio 2015\Projects\MercutioCore\libraries\sfml\bin\lib\Debug\sfml-graphics-d-2.dll
  sfml-graphics.vcxproj -> C:/Users/Riley/Documents/Visual Studio 2015/Projects/MercutioCore/libraries/sfml/bin/lib/Debug/sfml-graphics.pdb (Full PDB)
