c:\users\riley\documents\mercutiocore\mercutiocore\mercutiocore\debug\mercutiocore.pch
c:\users\riley\documents\mercutiocore\mercutiocore\mercutiocore\debug\vc140.pdb
c:\users\riley\documents\mercutiocore\mercutiocore\mercutiocore\debug\vc140.idb
c:\users\riley\documents\mercutiocore\mercutiocore\mercutiocore\debug\stdafx.obj
c:\users\riley\documents\mercutiocore\mercutiocore\mercutiocore\debug\mercutiocore.obj
c:\users\riley\documents\mercutiocore\mercutiocore\mercutiocore\debug\meentity.obj
c:\users\riley\documents\mercutiocore\mercutiocore\mercutiocore\debug\meassetmanager.obj
c:\users\riley\documents\mercutiocore\mercutiocore\mercutiocore\debug\medisplaymanager.obj
c:\users\riley\documents\mercutiocore\mercutiocore\mercutiocore\debug\meengine.obj
c:\users\riley\documents\mercutiocore\mercutiocore\mercutiocore\debug\mememorymanager.obj
c:\users\riley\documents\mercutiocore\mercutiocore\mercutiocore\debug\merenderer.obj
c:\users\riley\documents\mercutiocore\mercutiocore\debug\mercutiocore.pch
c:\users\riley\documents\mercutiocore\mercutiocore\debug\vc140.pdb
c:\users\riley\documents\mercutiocore\mercutiocore\debug\vc140.idb
c:\users\riley\documents\mercutiocore\mercutiocore\debug\stdafx.obj
c:\users\riley\documents\mercutiocore\mercutiocore\debug\meassetmanager.obj
c:\users\riley\documents\mercutiocore\mercutiocore\debug\medisplaymanager.obj
c:\users\riley\documents\mercutiocore\mercutiocore\debug\meengine.obj
c:\users\riley\documents\mercutiocore\mercutiocore\debug\meentity.obj
c:\users\riley\documents\mercutiocore\mercutiocore\debug\mememorymanager.obj
c:\users\riley\documents\mercutiocore\mercutiocore\debug\mercutiocore.obj
c:\users\riley\documents\mercutiocore\mercutiocore\debug\merenderer.obj
c:\users\riley\documents\mercutiocore\mercutiocore\debug\mercutiocore.ilk
c:\users\riley\documents\mercutiocore\mercutiocore\debug\mercutiocore.exe
c:\users\riley\documents\mercutiocore\mercutiocore\debug\mercutiocore.pdb
c:\users\riley\documents\mercutiocore\debug\mercutiocore.ilk
c:\users\riley\documents\mercutiocore\debug\mercutiocore.exe
c:\users\riley\documents\mercutiocore\debug\mercutiocore.pdb
c:\users\riley\documents\mercutiocore\mercutiocore\debug\mercutiocore.tlog\cl.command.1.tlog
c:\users\riley\documents\mercutiocore\mercutiocore\debug\mercutiocore.tlog\cl.read.1.tlog
c:\users\riley\documents\mercutiocore\mercutiocore\debug\mercutiocore.tlog\cl.write.1.tlog
c:\users\riley\documents\mercutiocore\mercutiocore\debug\mercutiocore.tlog\link.command.1.tlog
c:\users\riley\documents\mercutiocore\mercutiocore\debug\mercutiocore.tlog\link.read.1.tlog
c:\users\riley\documents\mercutiocore\mercutiocore\debug\mercutiocore.tlog\link.write.1.tlog
