  Building Custom Rule C:/Users/Riley/Documents/Visual Studio 2015/Projects/MercutioCore/libraries/sfml/SFML-2.5.1-sources/SFML-2.5.1/src/SFML/System/CMakeLists.txt
  CMake does not need to re-run because C:/Users/Riley/Documents/Visual Studio 2015/Projects/MercutioCore/libraries/sfml/bin/src/SFML/System/CMakeFiles/generate.stamp is up-to-date.
  Clock.cpp
  Err.cpp
  Lock.cpp
  Mutex.cpp
  Sleep.cpp
  String.cpp
  Thread.cpp
  ThreadLocal.cpp
  Time.cpp
  FileInputStream.cpp
  MemoryInputStream.cpp
  ClockImpl.cpp
C:\Users\Riley\Documents\Visual Studio 2015\Projects\MercutioCore\libraries\sfml\SFML-2.5.1-sources\SFML-2.5.1\src\SFML\System\Win32\ClockImpl.cpp(46): warning C4996: 'GetVersion': was declared deprecated
  C:\Program Files (x86)\Windows Kits\8.1\Include\um\sysinfoapi.h(110): note: see declaration of 'GetVersion'
  MutexImpl.cpp
  SleepImpl.cpp
  ThreadImpl.cpp
  ThreadLocalImpl.cpp
  Generating Code...
     Creating library C:/Users/Riley/Documents/Visual Studio 2015/Projects/MercutioCore/libraries/sfml/bin/lib/Release/sfml-system.lib and object C:/Users/Riley/Documents/Visual Studio 2015/Projects/MercutioCore/libraries/sfml/bin/lib/Release/sfml-system.exp
  sfml-system.vcxproj -> C:\Users\Riley\Documents\Visual Studio 2015\Projects\MercutioCore\libraries\sfml\bin\lib\Release\sfml-system-2.dll
